c:\users\romas\source\repos\alphaqgc\sfmlcasse-brick\sfml\x64\debug\vc143.pdb
c:\users\romas\source\repos\alphaqgc\sfmlcasse-brick\sfml\x64\debug\vc143.idb
c:\users\romas\source\repos\alphaqgc\sfmlcasse-brick\sfml\x64\debug\sfml.obj
c:\users\romas\source\repos\alphaqgc\sfmlcasse-brick\sfml\x64\debug\gamewindow.obj
c:\users\romas\source\repos\alphaqgc\sfmlcasse-brick\sfml\x64\debug\gameobject.obj
c:\users\romas\source\repos\alphaqgc\sfmlcasse-brick\sfml\x64\debug\canon.obj
c:\users\romas\source\repos\alphaqgc\sfmlcasse-brick\sfml\x64\debug\brick.obj
c:\users\romas\source\repos\alphaqgc\sfmlcasse-brick\sfml\x64\debug\bonus.obj
c:\users\romas\source\repos\alphaqgc\sfmlcasse-brick\sfml\x64\debug\ball.obj
c:\users\romas\source\repos\alphaqgc\sfmlcasse-brick\sfml\x64\debug\levelcreater.obj
c:\users\romas\source\repos\towerdefense\sfmlcasse-brick\sfml\x64\debug\vc143.pdb
c:\users\romas\source\repos\towerdefense\sfmlcasse-brick\sfml\x64\debug\vc143.idb
c:\users\romas\source\repos\towerdefense\sfmlcasse-brick\sfml\x64\debug\sfml.obj
c:\users\romas\source\repos\towerdefense\sfmlcasse-brick\sfml\x64\debug\gamewindow.obj
c:\users\romas\source\repos\towerdefense\sfmlcasse-brick\sfml\x64\debug\canon.obj
c:\users\romas\source\repos\towerdefense\sfmlcasse-brick\sfml\x64\debug\ball.obj
c:\users\romas\source\repos\towerdefense\sfmlcasse-brick\sfml\x64\debug\levelcreater.obj
c:\users\romas\source\repos\towerdefense\sfmlcasse-brick\sfml\x64\debug\gameobject.obj
c:\users\romas\source\repos\towerdefense\sfmlcasse-brick\sfml\x64\debug\brick.obj
c:\users\romas\source\repos\alphaqgc\sfmlcasse-brick\x64\debug\sfml.exe
c:\users\romas\source\repos\alphaqgc\sfmlcasse-brick\sfml\x64\debug\sfml.ilk
c:\users\romas\source\repos\alphaqgc\sfmlcasse-brick\x64\debug\sfml.pdb
c:\users\romas\source\repos\towerdefense\sfmlcasse-brick\x64\debug\sfml.exe
c:\users\romas\source\repos\towerdefense\sfmlcasse-brick\sfml\x64\debug\sfml.ilk
c:\users\romas\source\repos\towerdefense\sfmlcasse-brick\x64\debug\sfml.pdb
c:\users\romas\source\repos\towerdefense\sfmlcasse-brick\sfml\x64\debug\bonus.obj
c:\users\romas\source\repos\towerdefense\sfmlcasse-brick\sfml\x64\debug\sfml.tlog\cl.command.1.tlog
c:\users\romas\source\repos\towerdefense\sfmlcasse-brick\sfml\x64\debug\sfml.tlog\cl.read.1.tlog
c:\users\romas\source\repos\towerdefense\sfmlcasse-brick\sfml\x64\debug\sfml.tlog\cl.write.1.tlog
c:\users\romas\source\repos\towerdefense\sfmlcasse-brick\sfml\x64\debug\sfml.tlog\link.command.1.tlog
c:\users\romas\source\repos\towerdefense\sfmlcasse-brick\sfml\x64\debug\sfml.tlog\link.read.1.tlog
c:\users\romas\source\repos\towerdefense\sfmlcasse-brick\sfml\x64\debug\sfml.tlog\link.write.1.tlog
